INFO: [VRFC 10-2263] Analyzing Verilog file "D:/MyWorks/Programs/Verilog/vivado/bluex_update/bluex_update.sim/sim_1/synth/timing/xsim/tb_ROM_time_synth.v" into library xil_defaultlib
INFO: [VRFC 10-311] analyzing module bluex_v_2_1
INFO: [VRFC 10-311] analyzing module bluex_v_2_1_BJT_0_0
INFO: [VRFC 10-311] analyzing module bluex_v_2_1_BJT_0_0_BJT
INFO: [VRFC 10-311] analyzing module bluex_v_2_1_PC_0_0
INFO: [VRFC 10-311] analyzing module bluex_v_2_1_PC_0_0_PC
INFO: [VRFC 10-311] analyzing module bluex_v_2_1_alu_ex_0_0
INFO: [VRFC 10-311] analyzing module bluex_v_2_1_alu_ex_0_0_alu_ex
INFO: [VRFC 10-311] analyzing module bluex_v_2_1_aux_ex_0_0
INFO: [VRFC 10-311] analyzing module bluex_v_2_1_aux_ex_0_0_aux_ex
INFO: [VRFC 10-311] analyzing module bluex_v_2_1_aux_id_0_0
INFO: [VRFC 10-311] analyzing module bluex_v_2_1_aux_id_0_0_aux_id
INFO: [VRFC 10-311] analyzing module bluex_v_2_1_controller_0_0
INFO: [VRFC 10-311] analyzing module bluex_v_2_1_controller_0_0_controller
INFO: [VRFC 10-311] analyzing module bluex_v_2_1_decoder_id_0_0
INFO: [VRFC 10-311] analyzing module bluex_v_2_1_decoder_id_0_0_decoder_id
INFO: [VRFC 10-311] analyzing module bluex_v_2_1_demux_id_0_0
INFO: [VRFC 10-311] analyzing module bluex_v_2_1_demux_id_0_0_demux_id
INFO: [VRFC 10-311] analyzing module bluex_v_2_1_matcop_0_0
INFO: [VRFC 10-311] analyzing module bluex_v_2_1_matcop_0_0_matcop
INFO: [VRFC 10-311] analyzing module bluex_v_2_1_reg_heap_id_0_0
INFO: [VRFC 10-311] analyzing module bluex_v_2_1_reg_heap_id_0_0_reg_heap_id
INFO: [VRFC 10-311] analyzing module bluex_v_2_1_reg_wb_0_0
INFO: [VRFC 10-311] analyzing module bluex_v_2_1_reg_wb_0_0_reg_wb
INFO: [VRFC 10-311] analyzing module bluex_v_2_1_wrapper
INFO: [VRFC 10-311] analyzing module bluex_v_2_1_wrapper_mem_0_0
INFO: [VRFC 10-311] analyzing module bluex_v_2_1_wrapper_mem_0_0_wrapper_mem
INFO: [VRFC 10-311] analyzing module div_gen_0
INFO: [VRFC 10-311] analyzing module mult_gen_0
INFO: [VRFC 10-311] analyzing module div_gen_0_div_gen_v5_1_20
INFO: [VRFC 10-311] analyzing module mult_gen_0_mult_gen_v12_0_19
INFO: [VRFC 10-311] analyzing module div_gen_0_addsubreg_v
INFO: [VRFC 10-311] analyzing module div_gen_0_addsubreg_v_13
INFO: [VRFC 10-311] analyzing module div_gen_0_addsubreg_v_16
INFO: [VRFC 10-311] analyzing module div_gen_0_addsubreg_v_19
INFO: [VRFC 10-311] analyzing module div_gen_0_addsubreg_v_2
INFO: [VRFC 10-311] analyzing module div_gen_0_addsubreg_v_22
INFO: [VRFC 10-311] analyzing module div_gen_0_addsubreg_v_4
INFO: [VRFC 10-311] analyzing module div_gen_0_addsubreg_v_7
INFO: [VRFC 10-311] analyzing module div_gen_0_addsubreg_v__parameterized0
INFO: [VRFC 10-311] analyzing module div_gen_0_addsubreg_v__parameterized0_11
INFO: [VRFC 10-311] analyzing module div_gen_0_addsubreg_v__parameterized0_14
INFO: [VRFC 10-311] analyzing module div_gen_0_addsubreg_v__parameterized0_17
INFO: [VRFC 10-311] analyzing module div_gen_0_addsubreg_v__parameterized0_20
INFO: [VRFC 10-311] analyzing module div_gen_0_addsubreg_v__parameterized0_23
INFO: [VRFC 10-311] analyzing module div_gen_0_addsubreg_v__parameterized0_5
INFO: [VRFC 10-311] analyzing module div_gen_0_addsubreg_v__parameterized0_8
INFO: [VRFC 10-311] analyzing module div_gen_0_addsubreg_v__parameterized1
INFO: [VRFC 10-311] analyzing module div_gen_0_bip_sdivider_synth
INFO: [VRFC 10-311] analyzing module div_gen_0_c_addsub_lut6
INFO: [VRFC 10-311] analyzing module div_gen_0_c_addsub_lut6_39
INFO: [VRFC 10-311] analyzing module div_gen_0_c_addsub_lut6_49
INFO: [VRFC 10-311] analyzing module div_gen_0_c_addsub_lut6_59
INFO: [VRFC 10-311] analyzing module div_gen_0_c_addsub_lut6_74
INFO: [VRFC 10-311] analyzing module div_gen_0_c_addsub_lut6_84
INFO: [VRFC 10-311] analyzing module div_gen_0_c_addsub_lut6_94
INFO: [VRFC 10-311] analyzing module div_gen_0_c_addsub_lut6_99
INFO: [VRFC 10-311] analyzing module div_gen_0_c_addsub_lut6__parameterized1
INFO: [VRFC 10-311] analyzing module div_gen_0_c_addsub_lut6__parameterized1_34
INFO: [VRFC 10-311] analyzing module div_gen_0_c_addsub_lut6__parameterized1_44
INFO: [VRFC 10-311] analyzing module div_gen_0_c_addsub_lut6__parameterized1_54
INFO: [VRFC 10-311] analyzing module div_gen_0_c_addsub_lut6__parameterized1_64
INFO: [VRFC 10-311] analyzing module div_gen_0_c_addsub_lut6__parameterized1_69
INFO: [VRFC 10-311] analyzing module div_gen_0_c_addsub_lut6__parameterized1_79
INFO: [VRFC 10-311] analyzing module div_gen_0_c_addsub_lut6__parameterized1_89
INFO: [VRFC 10-311] analyzing module div_gen_0_c_addsub_lut6__parameterized3
INFO: [VRFC 10-311] analyzing module div_gen_0_c_addsub_viv
INFO: [VRFC 10-311] analyzing module div_gen_0_c_addsub_viv_38
INFO: [VRFC 10-311] analyzing module div_gen_0_c_addsub_viv_48
INFO: [VRFC 10-311] analyzing module div_gen_0_c_addsub_viv_58
INFO: [VRFC 10-311] analyzing module div_gen_0_c_addsub_viv_73
INFO: [VRFC 10-311] analyzing module div_gen_0_c_addsub_viv_83
INFO: [VRFC 10-311] analyzing module div_gen_0_c_addsub_viv_93
INFO: [VRFC 10-311] analyzing module div_gen_0_c_addsub_viv_98
INFO: [VRFC 10-311] analyzing module div_gen_0_c_addsub_viv__parameterized0
INFO: [VRFC 10-311] analyzing module div_gen_0_c_addsub_viv__parameterized0_33
INFO: [VRFC 10-311] analyzing module div_gen_0_c_addsub_viv__parameterized0_43
INFO: [VRFC 10-311] analyzing module div_gen_0_c_addsub_viv__parameterized0_53
INFO: [VRFC 10-311] analyzing module div_gen_0_c_addsub_viv__parameterized0_63
INFO: [VRFC 10-311] analyzing module div_gen_0_c_addsub_viv__parameterized0_68
INFO: [VRFC 10-311] analyzing module div_gen_0_c_addsub_viv__parameterized0_78
INFO: [VRFC 10-311] analyzing module div_gen_0_c_addsub_viv__parameterized0_88
INFO: [VRFC 10-311] analyzing module div_gen_0_c_addsub_viv__parameterized1
INFO: [VRFC 10-311] analyzing module div_gen_0_c_twos_comp_viv
INFO: [VRFC 10-311] analyzing module div_gen_0_c_twos_comp_viv__parameterized0
INFO: [VRFC 10-311] analyzing module div_gen_0_c_twos_comp_viv__parameterized1
INFO: [VRFC 10-311] analyzing module div_gen_0_c_twos_comp_viv__parameterized1_1
INFO: [VRFC 10-311] analyzing module div_gen_0_cmp2s_v
INFO: [VRFC 10-311] analyzing module div_gen_0_cmp2s_v__parameterized0
INFO: [VRFC 10-311] analyzing module div_gen_0_cmp2s_v__parameterized1
INFO: [VRFC 10-311] analyzing module div_gen_0_cmp2s_v__parameterized1_0
INFO: [VRFC 10-311] analyzing module div_gen_0_div_gen_synth
INFO: [VRFC 10-311] analyzing module div_gen_0_div_gen_v5_1_20_viv
INFO: [VRFC 10-311] analyzing module div_gen_0_dividervdc_v
INFO: [VRFC 10-311] analyzing module div_gen_0_xbip_pipe_v3_0_7_viv
INFO: [VRFC 10-311] analyzing module div_gen_0_xbip_pipe_v3_0_7_viv__parameterized1
INFO: [VRFC 10-311] analyzing module div_gen_0_xbip_pipe_v3_0_7_viv__parameterized11
INFO: [VRFC 10-311] analyzing module div_gen_0_xbip_pipe_v3_0_7_viv__parameterized19
INFO: [VRFC 10-311] analyzing module div_gen_0_xbip_pipe_v3_0_7_viv__parameterized21
INFO: [VRFC 10-311] analyzing module div_gen_0_xbip_pipe_v3_0_7_viv__parameterized27
INFO: [VRFC 10-311] analyzing module div_gen_0_xbip_pipe_v3_0_7_viv__parameterized29
INFO: [VRFC 10-311] analyzing module div_gen_0_xbip_pipe_v3_0_7_viv__parameterized3
INFO: [VRFC 10-311] analyzing module div_gen_0_xbip_pipe_v3_0_7_viv__parameterized35
INFO: [VRFC 10-311] analyzing module div_gen_0_xbip_pipe_v3_0_7_viv__parameterized37
INFO: [VRFC 10-311] analyzing module div_gen_0_xbip_pipe_v3_0_7_viv__parameterized3_25
INFO: [VRFC 10-311] analyzing module div_gen_0_xbip_pipe_v3_0_7_viv__parameterized43
INFO: [VRFC 10-311] analyzing module div_gen_0_xbip_pipe_v3_0_7_viv__parameterized45
INFO: [VRFC 10-311] analyzing module div_gen_0_xbip_pipe_v3_0_7_viv__parameterized5
INFO: [VRFC 10-311] analyzing module div_gen_0_xbip_pipe_v3_0_7_viv__parameterized51
INFO: [VRFC 10-311] analyzing module div_gen_0_xbip_pipe_v3_0_7_viv__parameterized53
INFO: [VRFC 10-311] analyzing module div_gen_0_xbip_pipe_v3_0_7_viv__parameterized59
INFO: [VRFC 10-311] analyzing module div_gen_0_xbip_pipe_v3_0_7_viv__parameterized5_12
INFO: [VRFC 10-311] analyzing module div_gen_0_xbip_pipe_v3_0_7_viv__parameterized5_15
INFO: [VRFC 10-311] analyzing module div_gen_0_xbip_pipe_v3_0_7_viv__parameterized5_18
INFO: [VRFC 10-311] analyzing module div_gen_0_xbip_pipe_v3_0_7_viv__parameterized5_21
INFO: [VRFC 10-311] analyzing module div_gen_0_xbip_pipe_v3_0_7_viv__parameterized5_24
INFO: [VRFC 10-311] analyzing module div_gen_0_xbip_pipe_v3_0_7_viv__parameterized5_3
INFO: [VRFC 10-311] analyzing module div_gen_0_xbip_pipe_v3_0_7_viv__parameterized5_6
INFO: [VRFC 10-311] analyzing module div_gen_0_xbip_pipe_v3_0_7_viv__parameterized5_9
INFO: [VRFC 10-311] analyzing module div_gen_0_xbip_pipe_v3_0_7_viv__parameterized61
INFO: [VRFC 10-311] analyzing module div_gen_0_xbip_pipe_v3_0_7_viv__parameterized67
INFO: [VRFC 10-311] analyzing module div_gen_0_xbip_pipe_v3_0_7_viv__parameterized7
INFO: [VRFC 10-311] analyzing module div_gen_0_xbip_pipe_v3_0_7_viv__parameterized72
INFO: [VRFC 10-311] analyzing module div_gen_0_xbip_pipe_v3_0_7_viv__parameterized74
INFO: [VRFC 10-311] analyzing module div_gen_0_xbip_pipe_v3_0_7_viv__parameterized7_10
INFO: [VRFC 10-311] analyzing module div_gen_0_xbip_pipe_v3_0_7_viv__parameterized7_100
INFO: [VRFC 10-311] analyzing module div_gen_0_xbip_pipe_v3_0_7_viv__parameterized7_102
INFO: [VRFC 10-311] analyzing module div_gen_0_xbip_pipe_v3_0_7_viv__parameterized7_26
INFO: [VRFC 10-311] analyzing module div_gen_0_xbip_pipe_v3_0_7_viv__parameterized7_27
INFO: [VRFC 10-311] analyzing module div_gen_0_xbip_pipe_v3_0_7_viv__parameterized7_28
INFO: [VRFC 10-311] analyzing module div_gen_0_xbip_pipe_v3_0_7_viv__parameterized7_29
INFO: [VRFC 10-311] analyzing module div_gen_0_xbip_pipe_v3_0_7_viv__parameterized7_30
INFO: [VRFC 10-311] analyzing module div_gen_0_xbip_pipe_v3_0_7_viv__parameterized7_32
INFO: [VRFC 10-311] analyzing module div_gen_0_xbip_pipe_v3_0_7_viv__parameterized7_35
INFO: [VRFC 10-311] analyzing module div_gen_0_xbip_pipe_v3_0_7_viv__parameterized7_37
INFO: [VRFC 10-311] analyzing module div_gen_0_xbip_pipe_v3_0_7_viv__parameterized7_40
INFO: [VRFC 10-311] analyzing module div_gen_0_xbip_pipe_v3_0_7_viv__parameterized7_42
INFO: [VRFC 10-311] analyzing module div_gen_0_xbip_pipe_v3_0_7_viv__parameterized7_45
INFO: [VRFC 10-311] analyzing module div_gen_0_xbip_pipe_v3_0_7_viv__parameterized7_47
INFO: [VRFC 10-311] analyzing module div_gen_0_xbip_pipe_v3_0_7_viv__parameterized7_50
INFO: [VRFC 10-311] analyzing module div_gen_0_xbip_pipe_v3_0_7_viv__parameterized7_52
INFO: [VRFC 10-311] analyzing module div_gen_0_xbip_pipe_v3_0_7_viv__parameterized7_55
INFO: [VRFC 10-311] analyzing module div_gen_0_xbip_pipe_v3_0_7_viv__parameterized7_57
INFO: [VRFC 10-311] analyzing module div_gen_0_xbip_pipe_v3_0_7_viv__parameterized7_60
INFO: [VRFC 10-311] analyzing module div_gen_0_xbip_pipe_v3_0_7_viv__parameterized7_62
INFO: [VRFC 10-311] analyzing module div_gen_0_xbip_pipe_v3_0_7_viv__parameterized7_65
INFO: [VRFC 10-311] analyzing module div_gen_0_xbip_pipe_v3_0_7_viv__parameterized7_67
INFO: [VRFC 10-311] analyzing module div_gen_0_xbip_pipe_v3_0_7_viv__parameterized7_70
INFO: [VRFC 10-311] analyzing module div_gen_0_xbip_pipe_v3_0_7_viv__parameterized7_72
INFO: [VRFC 10-311] analyzing module div_gen_0_xbip_pipe_v3_0_7_viv__parameterized7_75
INFO: [VRFC 10-311] analyzing module div_gen_0_xbip_pipe_v3_0_7_viv__parameterized7_77
INFO: [VRFC 10-311] analyzing module div_gen_0_xbip_pipe_v3_0_7_viv__parameterized7_80
INFO: [VRFC 10-311] analyzing module div_gen_0_xbip_pipe_v3_0_7_viv__parameterized7_82
INFO: [VRFC 10-311] analyzing module div_gen_0_xbip_pipe_v3_0_7_viv__parameterized7_85
INFO: [VRFC 10-311] analyzing module div_gen_0_xbip_pipe_v3_0_7_viv__parameterized7_87
INFO: [VRFC 10-311] analyzing module div_gen_0_xbip_pipe_v3_0_7_viv__parameterized7_90
INFO: [VRFC 10-311] analyzing module div_gen_0_xbip_pipe_v3_0_7_viv__parameterized7_92
INFO: [VRFC 10-311] analyzing module div_gen_0_xbip_pipe_v3_0_7_viv__parameterized7_95
INFO: [VRFC 10-311] analyzing module div_gen_0_xbip_pipe_v3_0_7_viv__parameterized7_97
INFO: [VRFC 10-311] analyzing module div_gen_0_xbip_pipe_v3_0_7_viv__parameterized9
INFO: [VRFC 10-311] analyzing module div_gen_0_xbip_pipe_v3_0_7_viv__parameterized9_101
INFO: [VRFC 10-311] analyzing module div_gen_0_xbip_pipe_v3_0_7_viv__parameterized9_31
INFO: [VRFC 10-311] analyzing module div_gen_0_xbip_pipe_v3_0_7_viv__parameterized9_36
INFO: [VRFC 10-311] analyzing module div_gen_0_xbip_pipe_v3_0_7_viv__parameterized9_41
INFO: [VRFC 10-311] analyzing module div_gen_0_xbip_pipe_v3_0_7_viv__parameterized9_46
INFO: [VRFC 10-311] analyzing module div_gen_0_xbip_pipe_v3_0_7_viv__parameterized9_51
INFO: [VRFC 10-311] analyzing module div_gen_0_xbip_pipe_v3_0_7_viv__parameterized9_56
INFO: [VRFC 10-311] analyzing module div_gen_0_xbip_pipe_v3_0_7_viv__parameterized9_61
INFO: [VRFC 10-311] analyzing module div_gen_0_xbip_pipe_v3_0_7_viv__parameterized9_66
INFO: [VRFC 10-311] analyzing module div_gen_0_xbip_pipe_v3_0_7_viv__parameterized9_71
INFO: [VRFC 10-311] analyzing module div_gen_0_xbip_pipe_v3_0_7_viv__parameterized9_76
INFO: [VRFC 10-311] analyzing module div_gen_0_xbip_pipe_v3_0_7_viv__parameterized9_81
INFO: [VRFC 10-311] analyzing module div_gen_0_xbip_pipe_v3_0_7_viv__parameterized9_86
INFO: [VRFC 10-311] analyzing module div_gen_0_xbip_pipe_v3_0_7_viv__parameterized9_91
INFO: [VRFC 10-311] analyzing module div_gen_0_xbip_pipe_v3_0_7_viv__parameterized9_96
INFO: [VRFC 10-311] analyzing module mult_gen_0_dsp
INFO: [VRFC 10-311] analyzing module mult_gen_0_mult_gen_v12_0_19_viv
INFO: [VRFC 10-311] analyzing module glbl
INFO: [VRFC 10-2263] Analyzing Verilog file "D:/MyWorks/Programs/Verilog/vivado/bluex_update/bluex_update.srcs/sim_1/new/tb_ROM.v" into library xil_defaultlib
INFO: [VRFC 10-311] analyzing module tb_ROM
